-------------------------------------------------------------------------------
Test set: com.docencia.sqlite.ClienteDbServiceTest
-------------------------------------------------------------------------------
Tests run: 8, Failures: 0, Errors: 1, Skipped: 0, Time elapsed: 0.209 s <<< FAILURE! -- in com.docencia.sqlite.ClienteDbServiceTest
com.docencia.sqlite.ClienteDbServiceTest.findByDniExistenteDevuelveCliente -- Time elapsed: 0.004 s <<< ERROR!
java.lang.NullPointerException: Cannot invoke "com.docencia.sqlite.Cliente.getNombre()" because the return value of "com.docencia.sqlite.ClienteDbService.findByDni(String)" is null
	at com.docencia.sqlite.ClienteDbServiceTest.findByDniExistenteDevuelveCliente(ClienteDbServiceTest.java:27)
	at java.base/java.lang.reflect.Method.invoke(Method.java:580)
	at java.base/java.util.ArrayList.forEach(ArrayList.java:1596)
	at java.base/java.util.ArrayList.forEach(ArrayList.java:1596)

