<?xml version="1.0" encoding="UTF-8"?>
<testsuite xmlns:xsi="http://www.w3.org/2001/XMLSchema-instance" xsi:noNamespaceSchemaLocation="https://maven.apache.org/surefire/maven-surefire-plugin/xsd/surefire-test-report-3.0.xsd" version="3.0" name="com.docencia.sqlite.ClienteDbServiceTest" time="0.209" tests="8" errors="1" skipped="0" failures="0">
  <properties>
[...]
</properties>
  <testcase name="findAllSinDatosDevuelveListaVacia" classname="com.docencia.sqlite.ClienteDbServiceTest" time="0.174">
    <system-err><![CDATA[SLF4J: Failed to load class "org.slf4j.impl.StaticLoggerBinder".
SLF4J: Defaulting to no-operation (NOP) logger implementation
SLF4J: See http://www.slf4j.org/codes.html#StaticLoggerBinder for further details.
]]></system-err>
  </testcase>
  <testcase name="findByDniInexistenteDevuelveNull" classname="com.docencia.sqlite.ClienteDbServiceTest" time="0.003"/>
  <testcase name="createClienteValidoDevuelveTrue" classname="com.docencia.sqlite.ClienteDbServiceTest" time="0.003"/>
  <testcase name="createClienteDuplicadoDevuelveFalse" classname="com.docencia.sqlite.ClienteDbServiceTest" time="0.005">
    <system-err><![CDATA[No se han podido insertar los datos del cliente
]]></system-err>
  </testcase>
  <testcase name="findByDniExistenteDevuelveCliente" classname="com.docencia.sqlite.ClienteDbServiceTest" time="0.004">
    <error message="Cannot invoke &quot;com.docencia.sqlite.Cliente.getNombre()&quot; because the return value of &quot;com.docencia.sqlite.ClienteDbService.findByDni(String)&quot; is null" type="java.lang.NullPointerException"><![CDATA[java.lang.NullPointerException: Cannot invoke "com.docencia.sqlite.Cliente.getNombre()" because the return value of "com.docencia.sqlite.ClienteDbService.findByDni(String)" is null
	at com.docencia.sqlite.ClienteDbServiceTest.findByDniExistenteDevuelveCliente(ClienteDbServiceTest.java:27)
	at java.base/java.lang.reflect.Method.invoke(Method.java:580)
	at java.base/java.util.ArrayList.forEach(ArrayList.java:1596)
	at java.base/java.util.ArrayList.forEach(ArrayList.java:1596)
]]></error>
    <system-err><![CDATA[No se han encontrado los datos del cliente
]]></system-err>
  </testcase>
  <testcase name="updateClienteExistenteDevuelveTrue" classname="com.docencia.sqlite.ClienteDbServiceTest" time="0.004"/>
  <testcase name="deleteByDniExistenteDevuelveTrue" classname="com.docencia.sqlite.ClienteDbServiceTest" time="0.004"/>
  <testcase name="findByCiudadExistenteDevuelveClientes" classname="com.docencia.sqlite.ClienteDbServiceTest" time="0.004"/>
</testsuite>