<?xml version="1.0" encoding="UTF-8"?>
<testsuite xmlns:xsi="http://www.w3.org/2001/XMLSchema-instance" xsi:noNamespaceSchemaLocation="https://maven.apache.org/surefire/maven-surefire-plugin/xsd/surefire-test-report-3.0.xsd" version="3.0" name="com.docencia.ficheros.CsvServiceTest" time="0.05" tests="8" errors="6" skipped="0" failures="2">
  <properties>
[...]
</properties>
  <testcase name="leerLineasCsvFicheroExistenteDevuelveLineas" classname="com.docencia.ficheros.CsvServiceTest" time="0.021">
    <error message="Unimplemented method &apos;leerLineasCsv&apos;" type="java.lang.UnsupportedOperationException"><![CDATA[java.lang.UnsupportedOperationException: Unimplemented method 'leerLineasCsv'
	at com.docencia.ficheros.CsvServiceImpl.leerLineasCsv(CsvServiceImpl.java:16)
	at com.docencia.ficheros.CsvServiceTest.leerLineasCsvFicheroExistenteDevuelveLineas(CsvServiceTest.java:19)
	at java.base/java.lang.reflect.Method.invoke(Method.java:580)
	at java.base/java.util.ArrayList.forEach(ArrayList.java:1596)
	at java.base/java.util.ArrayList.forEach(ArrayList.java:1596)
]]></error>
  </testcase>
  <testcase name="leerLineasCsvFicheroInexistenteLanzaExcepcion" classname="com.docencia.ficheros.CsvServiceTest" time="0.004">
    <failure message="Unexpected exception type thrown, expected: &lt;java.lang.IllegalArgumentException&gt; but was: &lt;java.lang.UnsupportedOperationException&gt;" type="org.opentest4j.AssertionFailedError"><![CDATA[org.opentest4j.AssertionFailedError: Unexpected exception type thrown, expected: <java.lang.IllegalArgumentException> but was: <java.lang.UnsupportedOperationException>
	at org.junit.jupiter.api.AssertionFailureBuilder.build(AssertionFailureBuilder.java:151)
	at org.junit.jupiter.api.AssertThrows.assertThrows(AssertThrows.java:67)
	at org.junit.jupiter.api.AssertThrows.assertThrows(AssertThrows.java:35)
	at org.junit.jupiter.api.Assertions.assertThrows(Assertions.java:3115)
	at com.docencia.ficheros.CsvServiceTest.leerLineasCsvFicheroInexistenteLanzaExcepcion(CsvServiceTest.java:20)
	at java.base/java.lang.reflect.Method.invoke(Method.java:580)
	at java.base/java.util.ArrayList.forEach(ArrayList.java:1596)
	at java.base/java.util.ArrayList.forEach(ArrayList.java:1596)
Caused by: java.lang.UnsupportedOperationException: Unimplemented method 'leerLineasCsv'
	at com.docencia.ficheros.CsvServiceImpl.leerLineasCsv(CsvServiceImpl.java:16)
	at com.docencia.ficheros.CsvServiceTest.lambda$leerLineasCsvFicheroInexistenteLanzaExcepcion$0(CsvServiceTest.java:20)
	at org.junit.jupiter.api.AssertThrows.assertThrows(AssertThrows.java:53)
	... 6 more
]]></failure>
  </testcase>
  <testcase name="leerRegistrosCsvFicheroValidoDevuelveRegistros" classname="com.docencia.ficheros.CsvServiceTest" time="0.002">
    <error message="Unimplemented method &apos;leerRegistrosCsv&apos;" type="java.lang.UnsupportedOperationException"><![CDATA[java.lang.UnsupportedOperationException: Unimplemented method 'leerRegistrosCsv'
	at com.docencia.ficheros.CsvServiceImpl.leerRegistrosCsv(CsvServiceImpl.java:22)
	at com.docencia.ficheros.CsvServiceTest.leerRegistrosCsvFicheroValidoDevuelveRegistros(CsvServiceTest.java:21)
	at java.base/java.lang.reflect.Method.invoke(Method.java:580)
	at java.base/java.util.ArrayList.forEach(ArrayList.java:1596)
	at java.base/java.util.ArrayList.forEach(ArrayList.java:1596)
]]></error>
  </testcase>
  <testcase name="escribirLineasCsvDatosValidosCreaFichero" classname="com.docencia.ficheros.CsvServiceTest" time="0.002">
    <error message="Unimplemented method &apos;escribirLineasCsv&apos;" type="java.lang.UnsupportedOperationException"><![CDATA[java.lang.UnsupportedOperationException: Unimplemented method 'escribirLineasCsv'
	at com.docencia.ficheros.CsvServiceImpl.escribirLineasCsv(CsvServiceImpl.java:28)
	at com.docencia.ficheros.CsvServiceTest.escribirLineasCsvDatosValidosCreaFichero(CsvServiceTest.java:24)
	at java.base/java.lang.reflect.Method.invoke(Method.java:580)
	at java.base/java.util.ArrayList.forEach(ArrayList.java:1596)
	at java.base/java.util.ArrayList.forEach(ArrayList.java:1596)
]]></error>
  </testcase>
  <testcase name="contarRegistrosCsvFicheroValidoDevuelveCantidad" classname="com.docencia.ficheros.CsvServiceTest" time="0.002">
    <error message="Unimplemented method &apos;contarRegistrosCsv&apos;" type="java.lang.UnsupportedOperationException"><![CDATA[java.lang.UnsupportedOperationException: Unimplemented method 'contarRegistrosCsv'
	at com.docencia.ficheros.CsvServiceImpl.contarRegistrosCsv(CsvServiceImpl.java:34)
	at com.docencia.ficheros.CsvServiceTest.contarRegistrosCsvFicheroValidoDevuelveCantidad(CsvServiceTest.java:27)
	at java.base/java.lang.reflect.Method.invoke(Method.java:580)
	at java.base/java.util.ArrayList.forEach(ArrayList.java:1596)
	at java.base/java.util.ArrayList.forEach(ArrayList.java:1596)
]]></error>
  </testcase>
  <testcase name="filtrarRegistrosPorValorCoincidenciasDevuelveRegistros" classname="com.docencia.ficheros.CsvServiceTest" time="0.002">
    <error message="Unimplemented method &apos;filtrarRegistrosPorValor&apos;" type="java.lang.UnsupportedOperationException"><![CDATA[java.lang.UnsupportedOperationException: Unimplemented method 'filtrarRegistrosPorValor'
	at com.docencia.ficheros.CsvServiceImpl.filtrarRegistrosPorValor(CsvServiceImpl.java:40)
	at com.docencia.ficheros.CsvServiceTest.filtrarRegistrosPorValorCoincidenciasDevuelveRegistros(CsvServiceTest.java:28)
	at java.base/java.lang.reflect.Method.invoke(Method.java:580)
	at java.base/java.util.ArrayList.forEach(ArrayList.java:1596)
	at java.base/java.util.ArrayList.forEach(ArrayList.java:1596)
]]></error>
  </testcase>
  <testcase name="filtrarRegistrosPorValorColumnaInvalidaLanzaExcepcion" classname="com.docencia.ficheros.CsvServiceTest" time="0.003">
    <failure message="Unexpected exception type thrown, expected: &lt;java.lang.IllegalArgumentException&gt; but was: &lt;java.lang.UnsupportedOperationException&gt;" type="org.opentest4j.AssertionFailedError"><![CDATA[org.opentest4j.AssertionFailedError: Unexpected exception type thrown, expected: <java.lang.IllegalArgumentException> but was: <java.lang.UnsupportedOperationException>
	at org.junit.jupiter.api.AssertionFailureBuilder.build(AssertionFailureBuilder.java:151)
	at org.junit.jupiter.api.AssertThrows.assertThrows(AssertThrows.java:67)
	at org.junit.jupiter.api.AssertThrows.assertThrows(AssertThrows.java:35)
	at org.junit.jupiter.api.Assertions.assertThrows(Assertions.java:3115)
	at com.docencia.ficheros.CsvServiceTest.filtrarRegistrosPorValorColumnaInvalidaLanzaExcepcion(CsvServiceTest.java:29)
	at java.base/java.lang.reflect.Method.invoke(Method.java:580)
	at java.base/java.util.ArrayList.forEach(ArrayList.java:1596)
	at java.base/java.util.ArrayList.forEach(ArrayList.java:1596)
Caused by: java.lang.UnsupportedOperationException: Unimplemented method 'filtrarRegistrosPorValor'
	at com.docencia.ficheros.CsvServiceImpl.filtrarRegistrosPorValor(CsvServiceImpl.java:40)
	at com.docencia.ficheros.CsvServiceTest.lambda$filtrarRegistrosPorValorColumnaInvalidaLanzaExcepcion$1(CsvServiceTest.java:29)
	at org.junit.jupiter.api.AssertThrows.assertThrows(AssertThrows.java:53)
	... 6 more
]]></failure>
  </testcase>
  <testcase name="contarFrecuenciaColumnaDatosValidosDevuelveMapaFrecuencias" classname="com.docencia.ficheros.CsvServiceTest" time="0.002">
    <error message="Unimplemented method &apos;contarFrecuenciaColumna&apos;" type="java.lang.UnsupportedOperationException"><![CDATA[java.lang.UnsupportedOperationException: Unimplemented method 'contarFrecuenciaColumna'
	at com.docencia.ficheros.CsvServiceImpl.contarFrecuenciaColumna(CsvServiceImpl.java:46)
	at com.docencia.ficheros.CsvServiceTest.contarFrecuenciaColumnaDatosValidosDevuelveMapaFrecuencias(CsvServiceTest.java:30)
	at java.base/java.lang.reflect.Method.invoke(Method.java:580)
	at java.base/java.util.ArrayList.forEach(ArrayList.java:1596)
	at java.base/java.util.ArrayList.forEach(ArrayList.java:1596)
]]></error>
  </testcase>
</testsuite>